Added Component: Designator=B1(Button 4 DIP)
Added Component: Designator=C1(Cap_P_18x35)
Added Component: Designator=C2(Cap_P_18x35)
Added Component: Designator=C3(Cap_P_18x35)
Added Component: Designator=C4(Cap_P_18x35)
Added Component: Designator=C5(CAP 5x11)
Added Component: Designator=C6(MKP10)
Added Component: Designator=C7(MKP10)
Added Component: Designator=C8(MKP10)
Added Component: Designator=C9(CAP_2.54mm)
Added Component: Designator=C10(CAP_2.54mm)
Added Component: Designator=C11(CAP 5x11)
Added Component: Designator=C12(CAP_2.54mm)
Added Component: Designator=C13(CAP_2.54mm)
Added Component: Designator=C14(CAP_2.54mm)
Added Component: Designator=C15(CAP_2.54mm)
Added Component: Designator=D1(DIOAD1060W70L435D230)
Added Component: Designator=D2(1N4148)
Added Component: Designator=D3(IR Emmiter)
Added Component: Designator=D(IR Emmiter)
Added Component: Designator=J1(HANDSON_KF301-2P)
Added Component: Designator=J2(HANDSON_KF301-2P)
Added Component: Designator=J3(CUI_RCJ-013)
Added Component: Designator=Q1(IRFP260N)
Added Component: Designator=Q(TO-92)
Added Component: Designator=R1(R1/8W)
Added Component: Designator=R2(R1/8W)
Added Component: Designator=R3(R1/2W)
Added Component: Designator=R4(R1/8W)
Added Component: Designator=R5(R1/8W)
Added Component: Designator=R6(R1/8W)
Added Component: Designator=R7(R1/8W)
Added Component: Designator=R8(R1/8W)
Added Component: Designator=R9(R1/8W)
Added Component: Designator=R10(R1/8W)
Added Component: Designator=R11(R1/8W)
Added Component: Designator=R12(R1/8W)
Added Component: Designator=R13(R1/8W)
Added Component: Designator=R14(R1/8W)
Added Component: Designator=R15(R1/8W)
Added Component: Designator=U1(NE555PE)
Added Component: Designator=U2(LM311PE)
Added Component: Designator=VR1(TRIM_3296W-1-502)
Added Net: Name=12V
Added Net: Name=24V
Added Net: Name=GND
Added Net: Name=NetB1_1
Added Net: Name=NetC9_1
Added Net: Name=NetC9_2
Added Net: Name=NetC11_1
Added Net: Name=NetC14_2
Added Net: Name=NetC15_2
Added Net: Name=NetD2_K
Added Net: Name=NetD3_A
Added Net: Name=NetD_A
Added Net: Name=NetQ_B
Added Net: Name=NetR11_1
Added Net: Name=NetU2_5
Added Net: Name=OUT
Added Net: Name=PT
Added Net: Name=TT
Added Net: Name=ZCD
Added Class: Name=schematic
Added Room: Name=schematic
