Change Component Comment : Designator=J2 Old Comment= New Comment=Domino 2P
Change Component Comment : Designator=R6 Old Comment=1K New Comment=1K 1/8W
Change Component Comment : Designator=R7 Old Comment=1K New Comment=1K 1/8W
Change Component Comment : Designator=R12 Old Comment=1K New Comment=1K 1/8W
Change Component Comment : Designator=R4 Old Comment=2.2K New Comment=2.2K 1/8W
Change Component Comment : Designator=R11 Old Comment=3.3K New Comment=3.3K 1/8W
Change Component Comment : Designator=R10 Old Comment=10K New Comment=10K 1/8W
Change Component Comment : Designator=R14 Old Comment=10K New Comment=10K 1/8W
Change Component Comment : Designator=C6 Old Comment=10n 16V New Comment==Value
Change Component Comment : Designator=C7 Old Comment=10n 16V New Comment==Value
Change Component Comment : Designator=C8 Old Comment=10n 16V New Comment==Value
Change Component Comment : Designator=R13 Old Comment=33K New Comment=33K 1/8W
Change Component Comment : Designator=R9 Old Comment=100R New Comment=100R 1/8W
Change Component Comment : Designator=R15 Old Comment=100R New Comment=100R 1/8W
Change Component Comment : Designator=R5 Old Comment=220R New Comment=220R 1/8W
Change Component Comment : Designator=R8 Old Comment=470R New Comment=470R 1/8W
Change component parameters: Designator = "C6" ("C6"); Footprint = "MKP10"; UniqueID = "\QVSHWWAG" ("\QVSHWWAG")
Change component parameters (AddParameter): Name = "MKP10"; Value = "100n 250V"; VariantName = "[No Variations]"
Change component parameters: Designator = "C7" ("C7"); Footprint = "MKP10"; UniqueID = "\AYLZSFQK" ("\AYLZSFQK")
Change component parameters (AddParameter): Name = "MKP10"; Value = "100n 250V"; VariantName = "[No Variations]"
Change component parameters: Designator = "C8" ("C8"); Footprint = "MKP10"; UniqueID = "\AJSNYLBK" ("\AJSNYLBK")
Change component parameters (AddParameter): Name = "MKP10"; Value = "100n 250V"; VariantName = "[No Variations]"
Added Component: Designator=J?(PJ-307)
Added Pin To Net: NetName=NetC11_1 Pin=J?-1
Added Pin To Net: NetName=NetB1_1 Pin=J?-2
Added Member To Class: ClassName=schematic Member=Component C11 10u 6.3V
Added Member To Class: ClassName=schematic Member=Component J? Jack 3.5
Added Room: Name=schematic
